2025-11-22T19:33:36.994Z [INFO] Attempting to retrieve object 407061
2025-11-22T19:33:37.005Z [INFO] Making API request to: https://www.myminifactory.com/api/v2/objects/407061?key=39aa3e2d-ee2b-4cc5-bc94-a152875478a3
2025-11-22T19:33:37.005Z [DEBUG] API Request:
                    URL: https://www.myminifactory.com/api/v2/objects/407061?key=39aa3e2d-ee2b-4cc5-bc94-a152875478a3
                    Method: GET
                    Attempt: 1/3
                
2025-11-22T19:33:37.091Z [INFO] Starting download for object ID: 407061
2025-11-22T19:33:37.104Z [INFO] Attempting to download images...
2025-11-22T19:33:37.104Z [INFO] Processing object for images: 407061 [Free] [Humblewood] Raccoonfolk Thief
2025-11-22T19:33:37.106Z [INFO] Found 15 images in the object
2025-11-22T19:33:37.106Z [INFO] Processing image 1/15
2025-11-22T19:33:37.107Z [INFO] Downloading image from URL: https://dl2.myminifactory.com/object-assets/66d1a8b8f117b9.58758488/images/1000X1000-MMF02.jpg
2025-11-22T19:33:37.275Z [INFO] Successfully downloaded image_1
2025-11-22T19:33:37.275Z [INFO] Processing image 2/15
2025-11-22T19:33:37.276Z [INFO] Downloading image from URL: https://dl2.myminifactory.com/object-assets/66d1a8b8f117b9.58758488/images/1000X1000-Raccoon_Thief (0).jpg
2025-11-22T19:33:37.402Z [INFO] Successfully downloaded image_2
2025-11-22T19:33:37.402Z [INFO] Processing image 3/15
2025-11-22T19:33:37.403Z [INFO] Downloading image from URL: https://dl2.myminifactory.com/object-assets/66d1a8b8f117b9.58758488/images/1000X1000-Raccoon_Thief (D).jpg
2025-11-22T19:33:37.541Z [INFO] Successfully downloaded image_3
2025-11-22T19:33:37.541Z [INFO] Processing image 4/15
2025-11-22T19:33:37.541Z [INFO] Downloading image from URL: https://dl2.myminifactory.com/object-assets/66d1a8b8f117b9.58758488/images/1000X1000-Raccoon_Thief (1).jpg
2025-11-22T19:33:37.672Z [INFO] Successfully downloaded image_4
2025-11-22T19:33:37.672Z [INFO] Processing image 5/15
2025-11-22T19:33:37.673Z [INFO] Downloading image from URL: https://dl2.myminifactory.com/object-assets/66d1a8b8f117b9.58758488/images/1000X1000-Raccoon_Thief (2).jpg
2025-11-22T19:33:37.804Z [INFO] Successfully downloaded image_5
2025-11-22T19:33:37.804Z [INFO] Processing image 6/15
2025-11-22T19:33:37.804Z [INFO] Downloading image from URL: https://dl2.myminifactory.com/object-assets/66d1a8b8f117b9.58758488/images/1000X1000-Raccoon_Thief (3).jpg
2025-11-22T19:33:37.956Z [INFO] Successfully downloaded image_6
2025-11-22T19:33:37.957Z [INFO] Processing image 7/15
2025-11-22T19:33:37.957Z [INFO] Downloading image from URL: https://dl2.myminifactory.com/object-assets/66d1a8b8f117b9.58758488/images/1000X1000-Raccoon_Thief (4).jpg
2025-11-22T19:33:38.101Z [INFO] Successfully downloaded image_7
2025-11-22T19:33:38.101Z [INFO] Processing image 8/15
2025-11-22T19:33:38.102Z [INFO] Downloading image from URL: https://dl2.myminifactory.com/object-assets/66d1a8b8f117b9.58758488/images/1000X1000-Raccoon_Thief_C (1).jpg
2025-11-22T19:33:38.425Z [INFO] Successfully downloaded image_8
2025-11-22T19:33:38.425Z [INFO] Processing image 9/15
2025-11-22T19:33:38.426Z [INFO] Downloading image from URL: https://dl2.myminifactory.com/object-assets/66d1a8b8f117b9.58758488/images/1000X1000-Raccoon_Thief_ZB (1).jpg
2025-11-22T19:33:38.536Z [INFO] Successfully downloaded image_9
2025-11-22T19:33:38.536Z [INFO] Processing image 10/15
2025-11-22T19:33:38.536Z [INFO] Downloading image from URL: https://dl2.myminifactory.com/object-assets/66d1a8b8f117b9.58758488/images/1000X1000-Raccoon_Thief_ZB (2).jpg
2025-11-22T19:33:38.651Z [INFO] Successfully downloaded image_10
2025-11-22T19:33:38.651Z [INFO] Processing image 11/15
2025-11-22T19:33:38.652Z [INFO] Downloading image from URL: https://dl2.myminifactory.com/object-assets/66d1a8b8f117b9.58758488/images/1000X1000-Raccoon_Thief_ZB (3).jpg
2025-11-22T19:33:38.767Z [INFO] Successfully downloaded image_11
2025-11-22T19:33:38.767Z [INFO] Processing image 12/15
2025-11-22T19:33:38.768Z [INFO] Downloading image from URL: https://dl2.myminifactory.com/object-assets/66d1a8b8f117b9.58758488/images/1000X1000-Raccoon_Thief_ZB (4).jpg
2025-11-22T19:33:38.901Z [INFO] Successfully downloaded image_12
2025-11-22T19:33:38.901Z [INFO] Processing image 13/15
2025-11-22T19:33:38.902Z [INFO] Downloading image from URL: https://dl2.myminifactory.com/object-assets/66d1a8b8f117b9.58758488/images/1000X1000-Raccoon_Thief_ZBC (1).jpg
2025-11-22T19:33:39.015Z [INFO] Successfully downloaded image_13
2025-11-22T19:33:39.016Z [INFO] Processing image 14/15
2025-11-22T19:33:39.016Z [INFO] Downloading image from URL: https://dl2.myminifactory.com/object-assets/66d1a8b8f117b9.58758488/images/1000X1000-2410_ch_raccoonfolk_thief.jpg
2025-11-22T19:33:39.155Z [INFO] Successfully downloaded image_14
2025-11-22T19:33:39.155Z [INFO] Processing image 15/15
2025-11-22T19:33:39.156Z [INFO] Downloading image from URL: https://dl2.myminifactory.com/object-assets/66d1a8b8f117b9.58758488/images/1000X1000-2410_ch_raccoonfolk_thief_b.jpg
2025-11-22T19:33:39.273Z [INFO] Successfully downloaded image_15
2025-11-22T19:33:39.275Z [INFO] Attempting to download 3D model files...
2025-11-22T19:43:34.199Z [INFO] Attempting to retrieve object 407061
2025-11-22T19:43:34.199Z [INFO] Making API request to: https://www.myminifactory.com/api/v2/objects/407061?key=39aa3e2d-ee2b-4cc5-bc94-a152875478a3
2025-11-22T19:43:34.199Z [DEBUG] API Request:
                    URL: https://www.myminifactory.com/api/v2/objects/407061?key=39aa3e2d-ee2b-4cc5-bc94-a152875478a3
                    Method: GET
                    Attempt: 1/3
                
2025-11-22T19:43:34.499Z [INFO] Starting download for object ID: 407061
2025-11-22T19:43:34.507Z [INFO] Attempting to download images...
2025-11-22T19:43:34.507Z [INFO] Processing object for images: 407061 [Free] [Humblewood] Raccoonfolk Thief
2025-11-22T19:43:34.513Z [INFO] Found 15 images in the object
2025-11-22T19:43:34.513Z [INFO] Processing image 1/15
2025-11-22T19:43:34.514Z [INFO] Downloading image from URL: https://dl2.myminifactory.com/object-assets/66d1a8b8f117b9.58758488/images/1000X1000-MMF02.jpg
2025-11-22T19:43:34.820Z [INFO] Successfully downloaded image_1
2025-11-22T19:43:34.820Z [INFO] Processing image 2/15
2025-11-22T19:43:34.821Z [INFO] Downloading image from URL: https://dl2.myminifactory.com/object-assets/66d1a8b8f117b9.58758488/images/1000X1000-Raccoon_Thief (0).jpg
2025-11-22T19:43:34.965Z [INFO] Successfully downloaded image_2
2025-11-22T19:43:34.966Z [INFO] Processing image 3/15
2025-11-22T19:43:34.966Z [INFO] Downloading image from URL: https://dl2.myminifactory.com/object-assets/66d1a8b8f117b9.58758488/images/1000X1000-Raccoon_Thief (D).jpg
2025-11-22T19:43:35.161Z [INFO] Successfully downloaded image_3
2025-11-22T19:43:35.161Z [INFO] Processing image 4/15
2025-11-22T19:43:35.162Z [INFO] Downloading image from URL: https://dl2.myminifactory.com/object-assets/66d1a8b8f117b9.58758488/images/1000X1000-Raccoon_Thief (1).jpg
2025-11-22T19:43:35.321Z [INFO] Successfully downloaded image_4
2025-11-22T19:43:35.321Z [INFO] Processing image 5/15
2025-11-22T19:43:35.321Z [INFO] Downloading image from URL: https://dl2.myminifactory.com/object-assets/66d1a8b8f117b9.58758488/images/1000X1000-Raccoon_Thief (2).jpg
2025-11-22T19:43:35.489Z [INFO] Successfully downloaded image_5
2025-11-22T19:43:35.490Z [INFO] Processing image 6/15
2025-11-22T19:43:35.490Z [INFO] Downloading image from URL: https://dl2.myminifactory.com/object-assets/66d1a8b8f117b9.58758488/images/1000X1000-Raccoon_Thief (3).jpg
2025-11-22T19:43:35.624Z [INFO] Successfully downloaded image_6
2025-11-22T19:43:35.624Z [INFO] Processing image 7/15
2025-11-22T19:43:35.625Z [INFO] Downloading image from URL: https://dl2.myminifactory.com/object-assets/66d1a8b8f117b9.58758488/images/1000X1000-Raccoon_Thief (4).jpg
2025-11-22T19:43:35.773Z [INFO] Successfully downloaded image_7
2025-11-22T19:43:35.773Z [INFO] Processing image 8/15
2025-11-22T19:43:35.773Z [INFO] Downloading image from URL: https://dl2.myminifactory.com/object-assets/66d1a8b8f117b9.58758488/images/1000X1000-Raccoon_Thief_C (1).jpg
2025-11-22T19:43:35.919Z [INFO] Successfully downloaded image_8
2025-11-22T19:43:35.919Z [INFO] Processing image 9/15
2025-11-22T19:43:35.919Z [INFO] Downloading image from URL: https://dl2.myminifactory.com/object-assets/66d1a8b8f117b9.58758488/images/1000X1000-Raccoon_Thief_ZB (1).jpg
2025-11-22T19:43:36.072Z [INFO] Successfully downloaded image_9
2025-11-22T19:43:36.072Z [INFO] Processing image 10/15
2025-11-22T19:43:36.072Z [INFO] Downloading image from URL: https://dl2.myminifactory.com/object-assets/66d1a8b8f117b9.58758488/images/1000X1000-Raccoon_Thief_ZB (2).jpg
2025-11-22T19:43:36.215Z [INFO] Successfully downloaded image_10
2025-11-22T19:43:36.215Z [INFO] Processing image 11/15
2025-11-22T19:43:36.215Z [INFO] Downloading image from URL: https://dl2.myminifactory.com/object-assets/66d1a8b8f117b9.58758488/images/1000X1000-Raccoon_Thief_ZB (3).jpg
2025-11-22T19:43:36.367Z [INFO] Successfully downloaded image_11
2025-11-22T19:43:36.367Z [INFO] Processing image 12/15
2025-11-22T19:43:36.368Z [INFO] Downloading image from URL: https://dl2.myminifactory.com/object-assets/66d1a8b8f117b9.58758488/images/1000X1000-Raccoon_Thief_ZB (4).jpg
2025-11-22T19:43:36.508Z [INFO] Successfully downloaded image_12
2025-11-22T19:43:36.508Z [INFO] Processing image 13/15
2025-11-22T19:43:36.508Z [INFO] Downloading image from URL: https://dl2.myminifactory.com/object-assets/66d1a8b8f117b9.58758488/images/1000X1000-Raccoon_Thief_ZBC (1).jpg
2025-11-22T19:43:36.636Z [INFO] Successfully downloaded image_13
2025-11-22T19:43:36.636Z [INFO] Processing image 14/15
2025-11-22T19:43:36.637Z [INFO] Downloading image from URL: https://dl2.myminifactory.com/object-assets/66d1a8b8f117b9.58758488/images/1000X1000-2410_ch_raccoonfolk_thief.jpg
2025-11-22T19:43:36.771Z [INFO] Successfully downloaded image_14
2025-11-22T19:43:36.771Z [INFO] Processing image 15/15
2025-11-22T19:43:36.772Z [INFO] Downloading image from URL: https://dl2.myminifactory.com/object-assets/66d1a8b8f117b9.58758488/images/1000X1000-2410_ch_raccoonfolk_thief_b.jpg
2025-11-22T19:43:36.919Z [INFO] Successfully downloaded image_15
2025-11-22T19:43:36.921Z [INFO] Attempting to download 3D model files...
2025-11-22T19:48:30.129Z [INFO] Attempting to retrieve object 407061
2025-11-22T19:48:30.129Z [INFO] Making API request to: https://www.myminifactory.com/api/v2/objects/407061?key=39aa3e2d-ee2b-4cc5-bc94-a152875478a3
2025-11-22T19:48:30.129Z [DEBUG] API Request:
                    URL: https://www.myminifactory.com/api/v2/objects/407061?key=39aa3e2d-ee2b-4cc5-bc94-a152875478a3
                    Method: GET
                    Attempt: 1/3
                
2025-11-22T19:48:30.644Z [INFO] Starting download for object ID: 407061
2025-11-22T19:48:30.655Z [INFO] Attempting to download images...
2025-11-22T19:48:30.656Z [INFO] Processing object for images: 407061 [Free] [Humblewood] Raccoonfolk Thief
2025-11-22T19:48:30.661Z [INFO] Found 15 images in the object
2025-11-22T19:48:30.661Z [INFO] Processing image 1/15
2025-11-22T19:48:30.662Z [INFO] Downloading image from URL: https://dl2.myminifactory.com/object-assets/66d1a8b8f117b9.58758488/images/1000X1000-MMF02.jpg
2025-11-22T19:48:30.949Z [INFO] Successfully downloaded image_1
2025-11-22T19:48:30.949Z [INFO] Processing image 2/15
2025-11-22T19:48:30.950Z [INFO] Downloading image from URL: https://dl2.myminifactory.com/object-assets/66d1a8b8f117b9.58758488/images/1000X1000-Raccoon_Thief (0).jpg
2025-11-22T19:48:31.100Z [INFO] Successfully downloaded image_2
2025-11-22T19:48:31.100Z [INFO] Processing image 3/15
2025-11-22T19:48:31.101Z [INFO] Downloading image from URL: https://dl2.myminifactory.com/object-assets/66d1a8b8f117b9.58758488/images/1000X1000-Raccoon_Thief (D).jpg
2025-11-22T19:48:31.271Z [INFO] Successfully downloaded image_3
2025-11-22T19:48:31.271Z [INFO] Processing image 4/15
2025-11-22T19:48:31.271Z [INFO] Downloading image from URL: https://dl2.myminifactory.com/object-assets/66d1a8b8f117b9.58758488/images/1000X1000-Raccoon_Thief (1).jpg
2025-11-22T19:48:31.447Z [INFO] Successfully downloaded image_4
2025-11-22T19:48:31.447Z [INFO] Processing image 5/15
2025-11-22T19:48:31.448Z [INFO] Downloading image from URL: https://dl2.myminifactory.com/object-assets/66d1a8b8f117b9.58758488/images/1000X1000-Raccoon_Thief (2).jpg
2025-11-22T19:48:31.588Z [INFO] Successfully downloaded image_5
2025-11-22T19:48:31.588Z [INFO] Processing image 6/15
2025-11-22T19:48:31.589Z [INFO] Downloading image from URL: https://dl2.myminifactory.com/object-assets/66d1a8b8f117b9.58758488/images/1000X1000-Raccoon_Thief (3).jpg
2025-11-22T19:48:31.729Z [INFO] Successfully downloaded image_6
2025-11-22T19:48:31.729Z [INFO] Processing image 7/15
2025-11-22T19:48:31.729Z [INFO] Downloading image from URL: https://dl2.myminifactory.com/object-assets/66d1a8b8f117b9.58758488/images/1000X1000-Raccoon_Thief (4).jpg
2025-11-22T19:48:31.896Z [INFO] Successfully downloaded image_7
2025-11-22T19:48:31.896Z [INFO] Processing image 8/15
2025-11-22T19:48:31.896Z [INFO] Downloading image from URL: https://dl2.myminifactory.com/object-assets/66d1a8b8f117b9.58758488/images/1000X1000-Raccoon_Thief_C (1).jpg
2025-11-22T19:48:32.065Z [INFO] Successfully downloaded image_8
2025-11-22T19:48:32.065Z [INFO] Processing image 9/15
2025-11-22T19:48:32.065Z [INFO] Downloading image from URL: https://dl2.myminifactory.com/object-assets/66d1a8b8f117b9.58758488/images/1000X1000-Raccoon_Thief_ZB (1).jpg
2025-11-22T19:48:32.195Z [INFO] Successfully downloaded image_9
2025-11-22T19:48:32.195Z [INFO] Processing image 10/15
2025-11-22T19:48:32.195Z [INFO] Downloading image from URL: https://dl2.myminifactory.com/object-assets/66d1a8b8f117b9.58758488/images/1000X1000-Raccoon_Thief_ZB (2).jpg
2025-11-22T19:48:32.326Z [INFO] Successfully downloaded image_10
2025-11-22T19:48:32.327Z [INFO] Processing image 11/15
2025-11-22T19:48:32.327Z [INFO] Downloading image from URL: https://dl2.myminifactory.com/object-assets/66d1a8b8f117b9.58758488/images/1000X1000-Raccoon_Thief_ZB (3).jpg
2025-11-22T19:48:32.467Z [INFO] Successfully downloaded image_11
2025-11-22T19:48:32.467Z [INFO] Processing image 12/15
2025-11-22T19:48:32.468Z [INFO] Downloading image from URL: https://dl2.myminifactory.com/object-assets/66d1a8b8f117b9.58758488/images/1000X1000-Raccoon_Thief_ZB (4).jpg
2025-11-22T19:48:32.594Z [INFO] Successfully downloaded image_12
2025-11-22T19:48:32.595Z [INFO] Processing image 13/15
2025-11-22T19:48:32.595Z [INFO] Downloading image from URL: https://dl2.myminifactory.com/object-assets/66d1a8b8f117b9.58758488/images/1000X1000-Raccoon_Thief_ZBC (1).jpg
2025-11-22T19:48:32.711Z [INFO] Successfully downloaded image_13
2025-11-22T19:48:32.711Z [INFO] Processing image 14/15
2025-11-22T19:48:32.712Z [INFO] Downloading image from URL: https://dl2.myminifactory.com/object-assets/66d1a8b8f117b9.58758488/images/1000X1000-2410_ch_raccoonfolk_thief.jpg
2025-11-22T19:48:32.857Z [INFO] Successfully downloaded image_14
2025-11-22T19:48:32.857Z [INFO] Processing image 15/15
2025-11-22T19:48:32.858Z [INFO] Downloading image from URL: https://dl2.myminifactory.com/object-assets/66d1a8b8f117b9.58758488/images/1000X1000-2410_ch_raccoonfolk_thief_b.jpg
2025-11-22T19:48:32.997Z [INFO] Successfully downloaded image_15
2025-11-22T19:48:32.999Z [INFO] Attempting to download 3D model files...
2025-11-22T20:12:13.485Z [INFO] Attempting to retrieve object 407061
2025-11-22T20:12:13.485Z [INFO] Making API request to: https://www.myminifactory.com/api/v2/objects/407061?key=39aa3e2d-ee2b-4cc5-bc94-a152875478a3
2025-11-22T20:12:13.485Z [DEBUG] API Request:
                    URL: https://www.myminifactory.com/api/v2/objects/407061?key=39aa3e2d-ee2b-4cc5-bc94-a152875478a3
                    Method: GET
                    Attempt: 1/3
                
2025-11-22T20:12:14.381Z [INFO] Starting download for object ID: 407061
2025-11-22T20:12:14.384Z [INFO] Attempting to download images...
2025-11-22T20:12:14.384Z [INFO] Processing object for images: 407061 [Free] [Humblewood] Raccoonfolk Thief
2025-11-22T20:12:14.386Z [INFO] Found 15 images in the object
2025-11-22T20:12:14.386Z [INFO] Processing image 1/15
2025-11-22T20:12:14.386Z [INFO] Downloading image from URL: https://dl2.myminifactory.com/object-assets/66d1a8b8f117b9.58758488/images/1000X1000-MMF02.jpg
2025-11-22T20:12:14.880Z [INFO] Successfully downloaded image_1
2025-11-22T20:12:14.880Z [INFO] Processing image 2/15
2025-11-22T20:12:14.880Z [INFO] Downloading image from URL: https://dl2.myminifactory.com/object-assets/66d1a8b8f117b9.58758488/images/1000X1000-Raccoon_Thief (0).jpg
2025-11-22T20:12:15.097Z [INFO] Successfully downloaded image_2
2025-11-22T20:12:15.097Z [INFO] Processing image 3/15
2025-11-22T20:12:15.098Z [INFO] Downloading image from URL: https://dl2.myminifactory.com/object-assets/66d1a8b8f117b9.58758488/images/1000X1000-Raccoon_Thief (D).jpg
2025-11-22T20:12:15.352Z [INFO] Successfully downloaded image_3
2025-11-22T20:12:15.353Z [INFO] Processing image 4/15
2025-11-22T20:12:15.353Z [INFO] Downloading image from URL: https://dl2.myminifactory.com/object-assets/66d1a8b8f117b9.58758488/images/1000X1000-Raccoon_Thief (1).jpg
2025-11-22T20:12:15.518Z [INFO] Successfully downloaded image_4
2025-11-22T20:12:15.518Z [INFO] Processing image 5/15
2025-11-22T20:12:15.518Z [INFO] Downloading image from URL: https://dl2.myminifactory.com/object-assets/66d1a8b8f117b9.58758488/images/1000X1000-Raccoon_Thief (2).jpg
2025-11-22T20:12:15.820Z [INFO] Successfully downloaded image_5
2025-11-22T20:12:15.820Z [INFO] Processing image 6/15
2025-11-22T20:12:15.820Z [INFO] Downloading image from URL: https://dl2.myminifactory.com/object-assets/66d1a8b8f117b9.58758488/images/1000X1000-Raccoon_Thief (3).jpg
2025-11-22T20:12:15.970Z [INFO] Successfully downloaded image_6
2025-11-22T20:12:15.970Z [INFO] Processing image 7/15
2025-11-22T20:12:15.970Z [INFO] Downloading image from URL: https://dl2.myminifactory.com/object-assets/66d1a8b8f117b9.58758488/images/1000X1000-Raccoon_Thief (4).jpg
2025-11-22T20:12:16.144Z [INFO] Successfully downloaded image_7
2025-11-22T20:12:16.144Z [INFO] Processing image 8/15
2025-11-22T20:12:16.144Z [INFO] Downloading image from URL: https://dl2.myminifactory.com/object-assets/66d1a8b8f117b9.58758488/images/1000X1000-Raccoon_Thief_C (1).jpg
2025-11-22T20:12:16.333Z [INFO] Successfully downloaded image_8
2025-11-22T20:12:16.334Z [INFO] Processing image 9/15
2025-11-22T20:12:16.334Z [INFO] Downloading image from URL: https://dl2.myminifactory.com/object-assets/66d1a8b8f117b9.58758488/images/1000X1000-Raccoon_Thief_ZB (1).jpg
2025-11-22T20:12:16.474Z [INFO] Successfully downloaded image_9
2025-11-22T20:12:16.474Z [INFO] Processing image 10/15
2025-11-22T20:12:16.474Z [INFO] Downloading image from URL: https://dl2.myminifactory.com/object-assets/66d1a8b8f117b9.58758488/images/1000X1000-Raccoon_Thief_ZB (2).jpg
2025-11-22T20:12:16.618Z [INFO] Successfully downloaded image_10
2025-11-22T20:12:16.618Z [INFO] Processing image 11/15
2025-11-22T20:12:16.619Z [INFO] Downloading image from URL: https://dl2.myminifactory.com/object-assets/66d1a8b8f117b9.58758488/images/1000X1000-Raccoon_Thief_ZB (3).jpg
2025-11-22T20:12:16.756Z [INFO] Successfully downloaded image_11
2025-11-22T20:12:16.756Z [INFO] Processing image 12/15
2025-11-22T20:12:16.757Z [INFO] Downloading image from URL: https://dl2.myminifactory.com/object-assets/66d1a8b8f117b9.58758488/images/1000X1000-Raccoon_Thief_ZB (4).jpg
2025-11-22T20:12:16.915Z [INFO] Successfully downloaded image_12
2025-11-22T20:12:16.916Z [INFO] Processing image 13/15
2025-11-22T20:12:16.916Z [INFO] Downloading image from URL: https://dl2.myminifactory.com/object-assets/66d1a8b8f117b9.58758488/images/1000X1000-Raccoon_Thief_ZBC (1).jpg
2025-11-22T20:12:17.058Z [INFO] Successfully downloaded image_13
2025-11-22T20:12:17.058Z [INFO] Processing image 14/15
2025-11-22T20:12:17.058Z [INFO] Downloading image from URL: https://dl2.myminifactory.com/object-assets/66d1a8b8f117b9.58758488/images/1000X1000-2410_ch_raccoonfolk_thief.jpg
2025-11-22T20:12:17.216Z [INFO] Successfully downloaded image_14
2025-11-22T20:12:17.216Z [INFO] Processing image 15/15
2025-11-22T20:12:17.217Z [INFO] Downloading image from URL: https://dl2.myminifactory.com/object-assets/66d1a8b8f117b9.58758488/images/1000X1000-2410_ch_raccoonfolk_thief_b.jpg
2025-11-22T20:12:17.457Z [INFO] Successfully downloaded image_15
2025-11-22T20:12:17.466Z [INFO] Attempting to download 3D model files...
2025-11-22T20:48:03.906Z [INFO] Attempting to retrieve object 475077
2025-11-22T20:48:03.906Z [INFO] Making API request to: https://www.myminifactory.com/api/v2/objects/475077?key=39aa3e2d-ee2b-4cc5-bc94-a152875478a3
2025-11-22T20:48:03.906Z [DEBUG] API Request:
                    URL: https://www.myminifactory.com/api/v2/objects/475077?key=39aa3e2d-ee2b-4cc5-bc94-a152875478a3
                    Method: GET
                    Attempt: 1/3
                
2025-11-22T20:48:05.903Z [INFO] Starting download for object ID: 475077
2025-11-22T20:48:05.908Z [INFO] Attempting to download images...
2025-11-22T20:48:05.908Z [INFO] Processing object for images: 475077 Displacer Kittens (2 Models)
2025-11-22T20:48:05.912Z [INFO] Found 13 images in the object
2025-11-22T20:48:05.912Z [INFO] Processing image 1/13
2025-11-22T20:48:05.912Z [INFO] Downloading image from URL: https://dl2.myminifactory.com/object-assets/67c5dd8ea35426.79011565/images/1000X1000-MMF10.jpg
2025-11-22T20:48:06.433Z [INFO] Successfully downloaded image_1
2025-11-22T20:48:06.433Z [INFO] Processing image 2/13
2025-11-22T20:48:06.434Z [INFO] Downloading image from URL: https://dl2.myminifactory.com/object-assets/67c5dd8ea35426.79011565/images/1000X1000-DisplacerKittens (0).jpg
2025-11-22T20:48:06.615Z [INFO] Successfully downloaded image_2
2025-11-22T20:48:06.615Z [INFO] Processing image 3/13
2025-11-22T20:48:06.616Z [INFO] Downloading image from URL: https://dl2.myminifactory.com/object-assets/67c5dd8ea35426.79011565/images/1000X1000-DisplacerKittens (D).jpg
2025-11-22T20:48:06.848Z [INFO] Successfully downloaded image_3
2025-11-22T20:48:06.848Z [INFO] Processing image 4/13
2025-11-22T20:48:06.849Z [INFO] Downloading image from URL: https://dl2.myminifactory.com/object-assets/67c5dd8ea35426.79011565/images/1000X1000-DisplacerKittens (DS).jpg
2025-11-22T20:48:07.030Z [INFO] Successfully downloaded image_4
2025-11-22T20:48:07.030Z [INFO] Processing image 5/13
2025-11-22T20:48:07.031Z [INFO] Downloading image from URL: https://dl2.myminifactory.com/object-assets/67c5dd8ea35426.79011565/images/1000X1000-DisplacerKittens (1).jpg
2025-11-22T20:48:07.203Z [INFO] Successfully downloaded image_5
2025-11-22T20:48:07.203Z [INFO] Processing image 6/13
2025-11-22T20:48:07.204Z [INFO] Downloading image from URL: https://dl2.myminifactory.com/object-assets/67c5dd8ea35426.79011565/images/1000X1000-DisplacerKittens (2).jpg
2025-11-22T20:48:07.450Z [INFO] Successfully downloaded image_6
2025-11-22T20:48:07.450Z [INFO] Processing image 7/13
2025-11-22T20:48:07.450Z [INFO] Downloading image from URL: https://dl2.myminifactory.com/object-assets/67c5dd8ea35426.79011565/images/1000X1000-DisplacerKittensB (1).jpg
2025-11-22T20:48:07.654Z [INFO] Successfully downloaded image_7
2025-11-22T20:48:07.654Z [INFO] Processing image 8/13
2025-11-22T20:48:07.654Z [INFO] Downloading image from URL: https://dl2.myminifactory.com/object-assets/67c5dd8ea35426.79011565/images/1000X1000-DisplacerKittens_ZB (1).jpg
2025-11-22T20:48:07.805Z [INFO] Successfully downloaded image_8
2025-11-22T20:48:07.805Z [INFO] Processing image 9/13
2025-11-22T20:48:07.805Z [INFO] Downloading image from URL: https://dl2.myminifactory.com/object-assets/67c5dd8ea35426.79011565/images/1000X1000-DisplacerKittens_ZB (2).jpg
2025-11-22T20:48:08.062Z [INFO] Successfully downloaded image_9
2025-11-22T20:48:08.062Z [INFO] Processing image 10/13
2025-11-22T20:48:08.063Z [INFO] Downloading image from URL: https://dl2.myminifactory.com/object-assets/67c5dd8ea35426.79011565/images/1000X1000-DisplacerKittens_ZB (3).jpg
2025-11-22T20:48:08.213Z [INFO] Successfully downloaded image_10
2025-11-22T20:48:08.213Z [INFO] Processing image 11/13
2025-11-22T20:48:08.214Z [INFO] Downloading image from URL: https://dl2.myminifactory.com/object-assets/67c5dd8ea35426.79011565/images/1000X1000-2504_ch_displacer_kitten_stalking.jpg
2025-11-22T20:48:08.532Z [INFO] Successfully downloaded image_11
2025-11-22T20:48:08.532Z [INFO] Processing image 12/13
2025-11-22T20:48:08.533Z [INFO] Downloading image from URL: https://dl2.myminifactory.com/object-assets/67c5dd8ea35426.79011565/images/1000X1000-2504_ch_displacer_kitten_sitting.jpg
2025-11-22T20:48:08.772Z [INFO] Successfully downloaded image_12
2025-11-22T20:48:08.772Z [INFO] Processing image 13/13
2025-11-22T20:48:08.772Z [INFO] Downloading image from URL: https://dl2.myminifactory.com/object-assets/67c5dd8ea35426.79011565/images/1000X1000-2504_ch_displacer_kittens_b.jpg
2025-11-22T20:48:08.980Z [INFO] Successfully downloaded image_13
2025-11-22T20:48:08.988Z [INFO] Attempting to download 3D model files...
2025-11-22T20:48:08.994Z [ERROR] No download URL for file: BTB_58_25-04_Displacer_Kittens.zip
2025-11-22T20:48:12.516Z [INFO] Attempting to retrieve object 476561
2025-11-22T20:48:12.516Z [INFO] Making API request to: https://www.myminifactory.com/api/v2/objects/476561?key=39aa3e2d-ee2b-4cc5-bc94-a152875478a3
2025-11-22T20:48:12.516Z [DEBUG] API Request:
                    URL: https://www.myminifactory.com/api/v2/objects/476561?key=39aa3e2d-ee2b-4cc5-bc94-a152875478a3
                    Method: GET
                    Attempt: 1/3
                
2025-11-22T20:48:12.769Z [INFO] Starting download for object ID: 476561
2025-11-22T20:48:12.774Z [INFO] Attempting to download images...
2025-11-22T20:48:12.774Z [INFO] Processing object for images: 476561 Norse Fighter release + modular
2025-11-22T20:48:12.780Z [INFO] Found 9 images in the object
2025-11-22T20:48:12.780Z [INFO] Processing image 1/9
2025-11-22T20:48:12.781Z [INFO] Downloading image from URL: https://dl2.myminifactory.com/object-assets/67ca3ad3853ae2.25007199/images/1000X1000-marchRenders.jpg
2025-11-22T20:48:13.107Z [INFO] Successfully downloaded image_1
2025-11-22T20:48:13.107Z [INFO] Processing image 2/9
2025-11-22T20:48:13.107Z [INFO] Downloading image from URL: https://dl2.myminifactory.com/object-assets/67ca3ad3853ae2.25007199/images/1000X1000-modular.jpg
2025-11-22T20:48:13.357Z [INFO] Successfully downloaded image_2
2025-11-22T20:48:13.357Z [INFO] Processing image 3/9
2025-11-22T20:48:13.357Z [INFO] Downloading image from URL: https://dl2.myminifactory.com/object-assets/67ca3ad3853ae2.25007199/images/1000X1000-M03.jpg
2025-11-22T20:48:13.718Z [INFO] Successfully downloaded image_3
2025-11-22T20:48:13.718Z [INFO] Processing image 4/9
2025-11-22T20:48:13.718Z [INFO] Downloading image from URL: https://dl2.myminifactory.com/object-assets/67ca3ad3853ae2.25007199/images/1000X1000-M02.jpg
2025-11-22T20:48:13.924Z [INFO] Successfully downloaded image_4
2025-11-22T20:48:13.924Z [INFO] Processing image 5/9
2025-11-22T20:48:13.924Z [INFO] Downloading image from URL: https://dl2.myminifactory.com/object-assets/67ca3ad3853ae2.25007199/images/1000X1000-M01.jpg
2025-11-22T20:48:14.206Z [INFO] Successfully downloaded image_5
2025-11-22T20:48:14.206Z [INFO] Processing image 6/9
2025-11-22T20:48:14.206Z [INFO] Downloading image from URL: https://dl2.myminifactory.com/object-assets/67ca3ad3853ae2.25007199/images/1000X1000-Warchief.jpg
2025-11-22T20:48:14.536Z [INFO] Successfully downloaded image_6
2025-11-22T20:48:14.536Z [INFO] Processing image 7/9
2025-11-22T20:48:14.537Z [INFO] Downloading image from URL: https://dl2.myminifactory.com/object-assets/67ca3ad3853ae2.25007199/images/1000X1000-F02.jpg
2025-11-22T20:48:14.724Z [INFO] Successfully downloaded image_7
2025-11-22T20:48:14.724Z [INFO] Processing image 8/9
2025-11-22T20:48:14.725Z [INFO] Downloading image from URL: https://dl2.myminifactory.com/object-assets/67ca3ad3853ae2.25007199/images/1000X1000-Wulfen.jpg
2025-11-22T20:48:14.943Z [INFO] Successfully downloaded image_8
2025-11-22T20:48:14.943Z [INFO] Processing image 9/9
2025-11-22T20:48:14.943Z [INFO] Downloading image from URL: https://dl2.myminifactory.com/object-assets/67ca3ad3853ae2.25007199/images/1000X1000-F01.jpg
2025-11-22T20:48:15.231Z [INFO] Successfully downloaded image_9
2025-11-22T20:48:15.238Z [INFO] Attempting to download 3D model files...
2025-11-22T20:48:15.240Z [ERROR] No download URL for file: MaleNorse01.zip
2025-11-22T20:48:15.240Z [ERROR] No download URL for file: Wulfen.zip
2025-11-22T20:48:15.240Z [ERROR] No download URL for file: MaleNorse03.zip
2025-11-22T20:48:15.240Z [ERROR] No download URL for file: Warchief.zip
2025-11-22T20:48:15.240Z [ERROR] No download URL for file: FemaleNorse01.zip
2025-11-22T20:48:15.240Z [ERROR] No download URL for file: MaleNorse02.zip
2025-11-22T20:48:15.240Z [ERROR] No download URL for file: FemaleNorse02.zip
2025-11-22T20:48:15.241Z [ERROR] No download URL for file: Modular.zip
2025-11-22T21:27:15.395Z [INFO] Attempting to retrieve object 407061
2025-11-22T21:27:15.395Z [INFO] Making API request to: https://www.myminifactory.com/api/v2/objects/407061?key=39aa3e2d-ee2b-4cc5-bc94-a152875478a3
2025-11-22T21:27:15.395Z [DEBUG] API Request:
                    URL: https://www.myminifactory.com/api/v2/objects/407061?key=39aa3e2d-ee2b-4cc5-bc94-a152875478a3
                    Method: GET
                    Attempt: 1/3
                
2025-11-22T21:27:15.649Z [INFO] Starting download for object ID: 407061
2025-11-22T21:27:15.653Z [INFO] Attempting to download images...
2025-11-22T21:27:15.653Z [INFO] Processing object for images: 407061 [Free] [Humblewood] Raccoonfolk Thief
2025-11-22T21:27:15.654Z [INFO] Found 15 images in the object
2025-11-22T21:27:15.654Z [INFO] Processing image 1/15
2025-11-22T21:27:15.654Z [INFO] Downloading image from URL: https://dl2.myminifactory.com/object-assets/66d1a8b8f117b9.58758488/images/1000X1000-MMF02.jpg
2025-11-22T21:27:16.029Z [INFO] Successfully downloaded image_1
2025-11-22T21:27:16.029Z [INFO] Processing image 2/15
2025-11-22T21:27:16.030Z [INFO] Downloading image from URL: https://dl2.myminifactory.com/object-assets/66d1a8b8f117b9.58758488/images/1000X1000-Raccoon_Thief (0).jpg
2025-11-22T21:27:16.194Z [INFO] Successfully downloaded image_2
2025-11-22T21:27:16.194Z [INFO] Processing image 3/15
2025-11-22T21:27:16.195Z [INFO] Downloading image from URL: https://dl2.myminifactory.com/object-assets/66d1a8b8f117b9.58758488/images/1000X1000-Raccoon_Thief (D).jpg
2025-11-22T21:27:16.366Z [INFO] Successfully downloaded image_3
2025-11-22T21:27:16.366Z [INFO] Processing image 4/15
2025-11-22T21:27:16.367Z [INFO] Downloading image from URL: https://dl2.myminifactory.com/object-assets/66d1a8b8f117b9.58758488/images/1000X1000-Raccoon_Thief (1).jpg
2025-11-22T21:27:16.616Z [INFO] Successfully downloaded image_4
2025-11-22T21:27:16.616Z [INFO] Processing image 5/15
2025-11-22T21:27:16.616Z [INFO] Downloading image from URL: https://dl2.myminifactory.com/object-assets/66d1a8b8f117b9.58758488/images/1000X1000-Raccoon_Thief (2).jpg
2025-11-22T21:27:16.866Z [INFO] Successfully downloaded image_5
2025-11-22T21:27:16.866Z [INFO] Processing image 6/15
2025-11-22T21:27:16.867Z [INFO] Downloading image from URL: https://dl2.myminifactory.com/object-assets/66d1a8b8f117b9.58758488/images/1000X1000-Raccoon_Thief (3).jpg
2025-11-22T21:27:17.012Z [INFO] Successfully downloaded image_6
2025-11-22T21:27:17.012Z [INFO] Processing image 7/15
2025-11-22T21:27:17.013Z [INFO] Downloading image from URL: https://dl2.myminifactory.com/object-assets/66d1a8b8f117b9.58758488/images/1000X1000-Raccoon_Thief (4).jpg
2025-11-22T21:27:17.169Z [INFO] Successfully downloaded image_7
2025-11-22T21:27:17.169Z [INFO] Processing image 8/15
2025-11-22T21:27:17.169Z [INFO] Downloading image from URL: https://dl2.myminifactory.com/object-assets/66d1a8b8f117b9.58758488/images/1000X1000-Raccoon_Thief_C (1).jpg
2025-11-22T21:27:17.338Z [INFO] Successfully downloaded image_8
2025-11-22T21:27:17.338Z [INFO] Processing image 9/15
2025-11-22T21:27:17.339Z [INFO] Downloading image from URL: https://dl2.myminifactory.com/object-assets/66d1a8b8f117b9.58758488/images/1000X1000-Raccoon_Thief_ZB (1).jpg
2025-11-22T21:27:17.637Z [INFO] Successfully downloaded image_9
2025-11-22T21:27:17.638Z [INFO] Processing image 10/15
2025-11-22T21:27:17.638Z [INFO] Downloading image from URL: https://dl2.myminifactory.com/object-assets/66d1a8b8f117b9.58758488/images/1000X1000-Raccoon_Thief_ZB (2).jpg
2025-11-22T21:27:17.770Z [INFO] Successfully downloaded image_10
2025-11-22T21:27:17.770Z [INFO] Processing image 11/15
2025-11-22T21:27:17.770Z [INFO] Downloading image from URL: https://dl2.myminifactory.com/object-assets/66d1a8b8f117b9.58758488/images/1000X1000-Raccoon_Thief_ZB (3).jpg
2025-11-22T21:27:18.047Z [INFO] Successfully downloaded image_11
2025-11-22T21:27:18.047Z [INFO] Processing image 12/15
2025-11-22T21:27:18.048Z [INFO] Downloading image from URL: https://dl2.myminifactory.com/object-assets/66d1a8b8f117b9.58758488/images/1000X1000-Raccoon_Thief_ZB (4).jpg
2025-11-22T21:27:18.255Z [INFO] Successfully downloaded image_12
2025-11-22T21:27:18.255Z [INFO] Processing image 13/15
2025-11-22T21:27:18.256Z [INFO] Downloading image from URL: https://dl2.myminifactory.com/object-assets/66d1a8b8f117b9.58758488/images/1000X1000-Raccoon_Thief_ZBC (1).jpg
2025-11-22T21:27:18.406Z [INFO] Successfully downloaded image_13
2025-11-22T21:27:18.406Z [INFO] Processing image 14/15
2025-11-22T21:27:18.407Z [INFO] Downloading image from URL: https://dl2.myminifactory.com/object-assets/66d1a8b8f117b9.58758488/images/1000X1000-2410_ch_raccoonfolk_thief.jpg
2025-11-22T21:27:18.548Z [INFO] Successfully downloaded image_14
2025-11-22T21:27:18.548Z [INFO] Processing image 15/15
2025-11-22T21:27:18.549Z [INFO] Downloading image from URL: https://dl2.myminifactory.com/object-assets/66d1a8b8f117b9.58758488/images/1000X1000-2410_ch_raccoonfolk_thief_b.jpg
2025-11-22T21:27:18.696Z [INFO] Successfully downloaded image_15
2025-11-22T21:27:18.705Z [INFO] Attempting to download 3D model files...
2025-11-22T21:27:43.916Z [INFO] Attempting to retrieve object 475077
2025-11-22T21:27:43.916Z [INFO] Making API request to: https://www.myminifactory.com/api/v2/objects/475077?key=39aa3e2d-ee2b-4cc5-bc94-a152875478a3
2025-11-22T21:27:43.916Z [DEBUG] API Request:
                    URL: https://www.myminifactory.com/api/v2/objects/475077?key=39aa3e2d-ee2b-4cc5-bc94-a152875478a3
                    Method: GET
                    Attempt: 1/3
                
2025-11-22T21:27:44.010Z [INFO] Starting download for object ID: 475077
2025-11-22T21:27:44.012Z [INFO] Attempting to download images...
2025-11-22T21:27:44.013Z [INFO] Processing object for images: 475077 Displacer Kittens (2 Models)
2025-11-22T21:27:44.014Z [INFO] Found 13 images in the object
2025-11-22T21:27:44.014Z [INFO] Processing image 1/13
2025-11-22T21:27:44.014Z [INFO] Downloading image from URL: https://dl2.myminifactory.com/object-assets/67c5dd8ea35426.79011565/images/1000X1000-MMF10.jpg
2025-11-22T21:27:44.299Z [INFO] Successfully downloaded image_1
2025-11-22T21:27:44.299Z [INFO] Processing image 2/13
2025-11-22T21:27:44.299Z [INFO] Downloading image from URL: https://dl2.myminifactory.com/object-assets/67c5dd8ea35426.79011565/images/1000X1000-DisplacerKittens (0).jpg
2025-11-22T21:27:44.578Z [INFO] Successfully downloaded image_2
2025-11-22T21:27:44.578Z [INFO] Processing image 3/13
2025-11-22T21:27:44.579Z [INFO] Downloading image from URL: https://dl2.myminifactory.com/object-assets/67c5dd8ea35426.79011565/images/1000X1000-DisplacerKittens (D).jpg
2025-11-22T21:27:44.786Z [INFO] Successfully downloaded image_3
2025-11-22T21:27:44.786Z [INFO] Processing image 4/13
2025-11-22T21:27:44.786Z [INFO] Downloading image from URL: https://dl2.myminifactory.com/object-assets/67c5dd8ea35426.79011565/images/1000X1000-DisplacerKittens (DS).jpg
2025-11-22T21:27:44.980Z [INFO] Successfully downloaded image_4
2025-11-22T21:27:44.980Z [INFO] Processing image 5/13
2025-11-22T21:27:44.980Z [INFO] Downloading image from URL: https://dl2.myminifactory.com/object-assets/67c5dd8ea35426.79011565/images/1000X1000-DisplacerKittens (1).jpg
2025-11-22T21:27:45.166Z [INFO] Successfully downloaded image_5
2025-11-22T21:27:45.166Z [INFO] Processing image 6/13
2025-11-22T21:27:45.167Z [INFO] Downloading image from URL: https://dl2.myminifactory.com/object-assets/67c5dd8ea35426.79011565/images/1000X1000-DisplacerKittens (2).jpg
2025-11-22T21:27:45.347Z [INFO] Successfully downloaded image_6
2025-11-22T21:27:45.347Z [INFO] Processing image 7/13
2025-11-22T21:27:45.348Z [INFO] Downloading image from URL: https://dl2.myminifactory.com/object-assets/67c5dd8ea35426.79011565/images/1000X1000-DisplacerKittensB (1).jpg
2025-11-22T21:27:45.935Z [INFO] Successfully downloaded image_7
2025-11-22T21:27:45.935Z [INFO] Processing image 8/13
2025-11-22T21:27:45.935Z [INFO] Downloading image from URL: https://dl2.myminifactory.com/object-assets/67c5dd8ea35426.79011565/images/1000X1000-DisplacerKittens_ZB (1).jpg
2025-11-22T21:27:46.106Z [INFO] Successfully downloaded image_8
2025-11-22T21:27:46.106Z [INFO] Processing image 9/13
2025-11-22T21:27:46.107Z [INFO] Downloading image from URL: https://dl2.myminifactory.com/object-assets/67c5dd8ea35426.79011565/images/1000X1000-DisplacerKittens_ZB (2).jpg
2025-11-22T21:27:46.241Z [INFO] Successfully downloaded image_9
2025-11-22T21:27:46.241Z [INFO] Processing image 10/13
2025-11-22T21:27:46.241Z [INFO] Downloading image from URL: https://dl2.myminifactory.com/object-assets/67c5dd8ea35426.79011565/images/1000X1000-DisplacerKittens_ZB (3).jpg
2025-11-22T21:27:46.424Z [INFO] Successfully downloaded image_10
2025-11-22T21:27:46.424Z [INFO] Processing image 11/13
2025-11-22T21:27:46.424Z [INFO] Downloading image from URL: https://dl2.myminifactory.com/object-assets/67c5dd8ea35426.79011565/images/1000X1000-2504_ch_displacer_kitten_stalking.jpg
2025-11-22T21:27:46.648Z [INFO] Successfully downloaded image_11
2025-11-22T21:27:46.648Z [INFO] Processing image 12/13
2025-11-22T21:27:46.648Z [INFO] Downloading image from URL: https://dl2.myminifactory.com/object-assets/67c5dd8ea35426.79011565/images/1000X1000-2504_ch_displacer_kitten_sitting.jpg
2025-11-22T21:27:46.944Z [INFO] Successfully downloaded image_12
2025-11-22T21:27:46.944Z [INFO] Processing image 13/13
2025-11-22T21:27:46.944Z [INFO] Downloading image from URL: https://dl2.myminifactory.com/object-assets/67c5dd8ea35426.79011565/images/1000X1000-2504_ch_displacer_kittens_b.jpg
2025-11-22T21:27:47.102Z [INFO] Successfully downloaded image_13
2025-11-22T21:27:47.110Z [INFO] Attempting to download 3D model files...
2025-11-22T21:27:47.115Z [ERROR] No download URL for file: BTB_58_25-04_Displacer_Kittens.zip
2025-11-23T00:03:26.406Z [ERROR] Error exchanging code for token: Request failed, status 401
2025-11-23T00:03:29.786Z [ERROR] Error exchanging code for token: Request failed, status 401
2025-11-23T00:03:45.358Z [ERROR] Error exchanging code for token: Request failed, status 401
2025-11-23T00:03:49.450Z [ERROR] Error exchanging code for token: Request failed, status 401
2025-11-23T00:05:27.186Z [ERROR] Error exchanging code for token: Request failed, status 401
2025-11-23T00:05:54.488Z [ERROR] Error exchanging code for token: Request failed, status 401
2025-11-23T00:06:35.779Z [ERROR] Error exchanging code for token: Request failed, status 401
2025-11-23T00:06:37.363Z [ERROR] Error exchanging code for token: Request failed, status 401
2025-11-23T00:12:07.837Z [ERROR] Error exchanging code for token: Request failed, status 401
2025-11-23T00:12:09.621Z [ERROR] Error exchanging code for token: Request failed, status 401
2025-11-23T00:13:00.695Z [ERROR] Error exchanging code for token: Request failed, status 401
2025-11-23T00:20:06.551Z [ERROR] Error exchanging code for token: Request failed, status 401
2025-11-23T00:20:51.338Z [ERROR] Error exchanging code for token: Request failed, status 401
2025-11-23T00:20:51.978Z [ERROR] Error exchanging code for token: Request failed, status 401
2025-11-23T00:22:06.376Z [ERROR] Error exchanging code for token: Request failed, status 401
2025-11-23T00:29:10.888Z [ERROR] Error parsing MMF redirect URL: Failed to construct 'URL': Invalid URL
2025-11-23T00:33:53.922Z [ERROR] Error parsing MMF redirect URL: Failed to construct 'URL': Invalid URL
2025-11-23T00:34:28.758Z [INFO] Successfully stored MyMiniFactory access token from redirect URL
2025-11-23T00:35:08.132Z [INFO] Attempting to retrieve object 475077
2025-11-23T00:35:08.133Z [INFO] Making API request to: https://www.myminifactory.com/api/v2/objects/475077
2025-11-23T00:35:08.133Z [DEBUG] API Request:
                    URL: https://www.myminifactory.com/api/v2/objects/475077
                    Method: GET
                    Attempt: 1/3
                
2025-11-23T00:35:08.372Z [INFO] Starting download for object ID: 475077
2025-11-23T00:35:08.376Z [INFO] Attempting to download images...
2025-11-23T00:35:08.376Z [INFO] Processing object for images: 475077 Displacer Kittens (2 Models)
2025-11-23T00:35:08.379Z [INFO] Found 13 images in the object
2025-11-23T00:35:08.379Z [INFO] Processing image 1/13
2025-11-23T00:35:08.379Z [INFO] Downloading image from URL: https://dl2.myminifactory.com/object-assets/67c5dd8ea35426.79011565/images/1000X1000-MMF10.jpg
2025-11-23T00:35:08.690Z [INFO] Successfully downloaded image_1
2025-11-23T00:35:08.690Z [INFO] Processing image 2/13
2025-11-23T00:35:08.691Z [INFO] Downloading image from URL: https://dl2.myminifactory.com/object-assets/67c5dd8ea35426.79011565/images/1000X1000-DisplacerKittens (0).jpg
2025-11-23T00:35:08.896Z [INFO] Successfully downloaded image_2
2025-11-23T00:35:08.896Z [INFO] Processing image 3/13
2025-11-23T00:35:08.897Z [INFO] Downloading image from URL: https://dl2.myminifactory.com/object-assets/67c5dd8ea35426.79011565/images/1000X1000-DisplacerKittens (D).jpg
2025-11-23T00:35:09.163Z [INFO] Successfully downloaded image_3
2025-11-23T00:35:09.163Z [INFO] Processing image 4/13
2025-11-23T00:35:09.164Z [INFO] Downloading image from URL: https://dl2.myminifactory.com/object-assets/67c5dd8ea35426.79011565/images/1000X1000-DisplacerKittens (DS).jpg
2025-11-23T00:35:09.381Z [INFO] Successfully downloaded image_4
2025-11-23T00:35:09.381Z [INFO] Processing image 5/13
2025-11-23T00:35:09.381Z [INFO] Downloading image from URL: https://dl2.myminifactory.com/object-assets/67c5dd8ea35426.79011565/images/1000X1000-DisplacerKittens (1).jpg
2025-11-23T00:35:09.567Z [INFO] Successfully downloaded image_5
2025-11-23T00:35:09.567Z [INFO] Processing image 6/13
2025-11-23T00:35:09.568Z [INFO] Downloading image from URL: https://dl2.myminifactory.com/object-assets/67c5dd8ea35426.79011565/images/1000X1000-DisplacerKittens (2).jpg
2025-11-23T00:35:09.764Z [INFO] Successfully downloaded image_6
2025-11-23T00:35:09.764Z [INFO] Processing image 7/13
2025-11-23T00:35:09.764Z [INFO] Downloading image from URL: https://dl2.myminifactory.com/object-assets/67c5dd8ea35426.79011565/images/1000X1000-DisplacerKittensB (1).jpg
2025-11-23T00:35:09.936Z [INFO] Successfully downloaded image_7
2025-11-23T00:35:09.936Z [INFO] Processing image 8/13
2025-11-23T00:35:09.937Z [INFO] Downloading image from URL: https://dl2.myminifactory.com/object-assets/67c5dd8ea35426.79011565/images/1000X1000-DisplacerKittens_ZB (1).jpg
2025-11-23T00:35:10.177Z [INFO] Successfully downloaded image_8
2025-11-23T00:35:10.177Z [INFO] Processing image 9/13
2025-11-23T00:35:10.178Z [INFO] Downloading image from URL: https://dl2.myminifactory.com/object-assets/67c5dd8ea35426.79011565/images/1000X1000-DisplacerKittens_ZB (2).jpg
2025-11-23T00:35:10.350Z [INFO] Successfully downloaded image_9
2025-11-23T00:35:10.350Z [INFO] Processing image 10/13
2025-11-23T00:35:10.350Z [INFO] Downloading image from URL: https://dl2.myminifactory.com/object-assets/67c5dd8ea35426.79011565/images/1000X1000-DisplacerKittens_ZB (3).jpg
2025-11-23T00:35:10.526Z [INFO] Successfully downloaded image_10
2025-11-23T00:35:10.527Z [INFO] Processing image 11/13
2025-11-23T00:35:10.527Z [INFO] Downloading image from URL: https://dl2.myminifactory.com/object-assets/67c5dd8ea35426.79011565/images/1000X1000-2504_ch_displacer_kitten_stalking.jpg
2025-11-23T00:35:10.692Z [INFO] Successfully downloaded image_11
2025-11-23T00:35:10.692Z [INFO] Processing image 12/13
2025-11-23T00:35:10.693Z [INFO] Downloading image from URL: https://dl2.myminifactory.com/object-assets/67c5dd8ea35426.79011565/images/1000X1000-2504_ch_displacer_kitten_sitting.jpg
2025-11-23T00:35:10.894Z [INFO] Successfully downloaded image_12
2025-11-23T00:35:10.894Z [INFO] Processing image 13/13
2025-11-23T00:35:10.894Z [INFO] Downloading image from URL: https://dl2.myminifactory.com/object-assets/67c5dd8ea35426.79011565/images/1000X1000-2504_ch_displacer_kittens_b.jpg
2025-11-23T00:35:11.059Z [INFO] Successfully downloaded image_13
2025-11-23T00:35:11.072Z [INFO] Attempting to download 3D model files...
2025-11-23T00:35:13.653Z [ERROR] Failed to extract zip file: Can't find end of central directory : is this a zip file ? If it is, see https://stuk.github.io/jszip/documentation/howto/read_zip.html
